<?xml version="1.0" encoding="UTF-8"?>
<testsuite name="com.telran.contacts.tests.LoginTests" tests="1" skipped="0" failures="0" errors="0" timestamp="2022-09-17T19:44:58" hostname="DESKTOP-62VSDD3" time="1.287">
  <properties/>
  <testcase name="loginUserPositiveTest" classname="com.telran.contacts.tests.LoginTests" time="1.287"/>
  <system-out><![CDATA[21:44:58.283 [Test worker] INFO  com.telran.contacts.tests.TestBase - Test start loginUserPositiveTestwith data: []
21:44:59.625 [Test worker] INFO  com.telran.contacts.tests.TestBase - PASSED: test method loginUserPositiveTest
]]></system-out>
  <system-err><![CDATA[Starting ChromeDriver 104.0.5112.79 (3cf3e8c8a07d104b9e1260c910efb8f383285dc5-refs/branch-heads/5112@{#1307}) on port 17453
Only local connections are allowed.
Please see https://chromedriver.chromium.org/security-considerations for suggestions on keeping ChromeDriver safe.
ChromeDriver was started successfully.
[1663443896.899][WARNING]: This version of ChromeDriver has not been tested with Chrome version 105.
????. 17, 2022 9:44:56 PM org.openqa.selenium.remote.ProtocolHandshake createSession
INFO: Detected dialect: W3C
]]></system-err>
</testsuite>
