<?xml version="1.0" encoding="UTF-8"?>
<testsuite name="com.telran.contacts.tests.AddContactTest" tests="4" skipped="0" failures="0" errors="0" timestamp="2022-08-09T08:01:13" hostname="DESKTOP-62VSDD3" time="24.3">
  <properties/>
  <testcase name="addContactPositiveTest" classname="com.telran.contacts.tests.AddContactTest" time="2.602"/>
  <testcase name="addContactPositiveTestFromDataProvider[0](Christo, Stoichkov, 12345678978, ghjk@kjh.com, Berlin, Forward)" classname="com.telran.contacts.tests.AddContactTest" time="2.264"/>
  <testcase name="addContactPositiveTestFromDataProvider[1](Christo, Stoichkov, 12345898978, ghjk@jh.com, Berlin, Forward)" classname="com.telran.contacts.tests.AddContactTest" time="1.976"/>
  <testcase name="addContactPositiveTestFromDataProvider[2](Christo, Stoichkov, 12345458978, g45k@jh.com, Berlin, Forward)" classname="com.telran.contacts.tests.AddContactTest" time="2.171"/>
  <system-out><![CDATA[10:01:12.840 [Test worker] INFO  com.telran.contacts.tests.TestBase - Test start addContactPositiveTestwith data: []
10:01:16.483 [Test worker] INFO  com.telran.contacts.tests.TestBase - PASSED: test method addContactPositiveTest
10:01:20.977 [Test worker] INFO  com.telran.contacts.tests.TestBase - Test start addContactPositiveTestFromDataProviderwith data: [Christo, Stoichkov, 12345678978, ghjk@kjh.com, Berlin, Forward]
10:01:24.727 [Test worker] INFO  com.telran.contacts.tests.TestBase - PASSED: test method addContactPositiveTestFromDataProvider
10:01:28.695 [Test worker] INFO  com.telran.contacts.tests.TestBase - Test start addContactPositiveTestFromDataProviderwith data: [Christo, Stoichkov, 12345898978, ghjk@jh.com, Berlin, Forward]
10:01:31.877 [Test worker] INFO  com.telran.contacts.tests.TestBase - PASSED: test method addContactPositiveTestFromDataProvider
10:01:34.968 [Test worker] INFO  com.telran.contacts.tests.TestBase - Test start addContactPositiveTestFromDataProviderwith data: [Christo, Stoichkov, 12345458978, g45k@jh.com, Berlin, Forward]
10:01:38.383 [Test worker] INFO  com.telran.contacts.tests.TestBase - PASSED: test method addContactPositiveTestFromDataProvider
]]></system-out>
  <system-err><![CDATA[Starting ChromeDriver 104.0.5112.79 (3cf3e8c8a07d104b9e1260c910efb8f383285dc5-refs/branch-heads/5112@{#1307}) on port 22761
Only local connections are allowed.
Please see https://chromedriver.chromium.org/security-considerations for suggestions on keeping ChromeDriver safe.
ChromeDriver was started successfully.
???. 09, 2022 10:01:11 AM org.openqa.selenium.remote.ProtocolHandshake createSession
INFO: Detected dialect: W3C
Starting ChromeDriver 104.0.5112.79 (3cf3e8c8a07d104b9e1260c910efb8f383285dc5-refs/branch-heads/5112@{#1307}) on port 35571
Only local connections are allowed.
Please see https://chromedriver.chromium.org/security-considerations for suggestions on keeping ChromeDriver safe.
ChromeDriver was started successfully.
???. 09, 2022 10:01:20 AM org.openqa.selenium.remote.ProtocolHandshake createSession
INFO: Detected dialect: W3C
Starting ChromeDriver 104.0.5112.79 (3cf3e8c8a07d104b9e1260c910efb8f383285dc5-refs/branch-heads/5112@{#1307}) on port 26159
Only local connections are allowed.
Please see https://chromedriver.chromium.org/security-considerations for suggestions on keeping ChromeDriver safe.
ChromeDriver was started successfully.
???. 09, 2022 10:01:27 AM org.openqa.selenium.remote.ProtocolHandshake createSession
INFO: Detected dialect: W3C
Starting ChromeDriver 104.0.5112.79 (3cf3e8c8a07d104b9e1260c910efb8f383285dc5-refs/branch-heads/5112@{#1307}) on port 32701
Only local connections are allowed.
Please see https://chromedriver.chromium.org/security-considerations for suggestions on keeping ChromeDriver safe.
ChromeDriver was started successfully.
???. 09, 2022 10:01:34 AM org.openqa.selenium.remote.ProtocolHandshake createSession
INFO: Detected dialect: W3C
]]></system-err>
</testsuite>
