<?xml version="1.0" encoding="UTF-8"?>
<testsuite name="com.telran.contacts.tests.HomePageTests" tests="1" skipped="0" failures="0" errors="0" timestamp="2022-09-18T17:33:29" hostname="DESKTOP-62VSDD3" time="0.057">
  <properties/>
  <testcase name="openHomePageTest" classname="com.telran.contacts.tests.HomePageTests" time="0.057"/>
  <system-out><![CDATA[19:33:29.921 [Test worker] INFO  com.telran.contacts.tests.TestBase - Test start openHomePageTestwith data: []
Home Component: true
19:33:29.980 [Test worker] INFO  com.telran.contacts.tests.TestBase - PASSED: test method openHomePageTest
]]></system-out>
  <system-err><![CDATA[Starting ChromeDriver 104.0.5112.79 (3cf3e8c8a07d104b9e1260c910efb8f383285dc5-refs/branch-heads/5112@{#1307}) on port 16363
Only local connections are allowed.
Please see https://chromedriver.chromium.org/security-considerations for suggestions on keeping ChromeDriver safe.
ChromeDriver was started successfully.
[1663522409.236][WARNING]: This version of ChromeDriver has not been tested with Chrome version 105.
????. 18, 2022 7:33:29 PM org.openqa.selenium.remote.ProtocolHandshake createSession
INFO: Detected dialect: W3C
]]></system-err>
</testsuite>
