<?xml version="1.0" encoding="UTF-8"?>
<testsuite name="com.telran.contacts.tests.CreateAccountTests" tests="1" skipped="0" failures="0" errors="0" timestamp="2022-09-18T17:33:25" hostname="DESKTOP-62VSDD3" time="1.267">
  <properties/>
  <testcase name="registrationNegativeTestWithInvalidEmail" classname="com.telran.contacts.tests.CreateAccountTests" time="1.267"/>
  <system-out><![CDATA[19:33:25.608 [Test worker] INFO  com.telran.contacts.tests.TestBase - Test start registrationNegativeTestWithInvalidEmailwith data: []
19:33:26.914 [Test worker] INFO  com.telran.contacts.tests.TestBase - PASSED: test method registrationNegativeTestWithInvalidEmail
]]></system-out>
  <system-err><![CDATA[Starting ChromeDriver 104.0.5112.79 (3cf3e8c8a07d104b9e1260c910efb8f383285dc5-refs/branch-heads/5112@{#1307}) on port 30264
Only local connections are allowed.
Please see https://chromedriver.chromium.org/security-considerations for suggestions on keeping ChromeDriver safe.
ChromeDriver was started successfully.
[1663522404.977][WARNING]: This version of ChromeDriver has not been tested with Chrome version 105.
????. 18, 2022 7:33:25 PM org.openqa.selenium.remote.ProtocolHandshake createSession
INFO: Detected dialect: W3C
]]></system-err>
</testsuite>
